SERVICES variable is ignored if EAGER_SERVICE_LOADING=0.
2023-02-19T11:20:48.927 DEBUG --- [  MainThread] stevedore.extension        : found extension EntryPoint(name='_patch_botocore_json_parser', value='localstack.aws.client:_patch_botocore_json_parser', group='localstack.hooks.on_infra_start')
2023-02-19T11:20:48.928 DEBUG --- [  MainThread] stevedore.extension        : found extension EntryPoint(name='patch_get_account_id', value='localstack.aws.accounts:patch_get_account_id', group='localstack.hooks.on_infra_start')
2023-02-19T11:20:48.928 DEBUG --- [  MainThread] stevedore.extension        : found extension EntryPoint(name='register_partition_adjusting_proxy_listener', value='localstack.plugins:register_partition_adjusting_proxy_listener', group='localstack.hooks.on_infra_start')
2023-02-19T11:20:48.928 DEBUG --- [  MainThread] stevedore.extension        : found extension EntryPoint(name='add_aws_request_logger', value='localstack_ext.analytics.plugins:add_aws_request_logger', group='localstack.hooks.on_infra_start')
2023-02-19T11:20:48.928 DEBUG --- [  MainThread] stevedore.extension        : found extension EntryPoint(name='add_custom_edge_routes', value='localstack_ext.plugins:add_custom_edge_routes', group='localstack.hooks.on_infra_start')
2023-02-19T11:20:48.929 DEBUG --- [  MainThread] stevedore.extension        : found extension EntryPoint(name='add_iam_enforcement_listener', value='localstack_ext.services.iam.plugins:add_iam_enforcement_listener', group='localstack.hooks.on_infra_start')
2023-02-19T11:20:48.929 DEBUG --- [  MainThread] stevedore.extension        : found extension EntryPoint(name='add_legacy_iam_enforcement_listener', value='localstack_ext.services.iam.plugins:add_legacy_iam_enforcement_listener', group='localstack.hooks.on_infra_start')
2023-02-19T11:20:48.929 DEBUG --- [  MainThread] stevedore.extension        : found extension EntryPoint(name='extensions_on_infra_start', value='localstack_ext.extensions.plugins:extensions_on_infra_start', group='localstack.hooks.on_infra_start')
2023-02-19T11:20:48.930 DEBUG --- [  MainThread] stevedore.extension        : found extension EntryPoint(name='patch_account_id_resolver', value='localstack_ext.plugins:patch_account_id_resolver', group='localstack.hooks.on_infra_start')
2023-02-19T11:20:48.930 DEBUG --- [  MainThread] stevedore.extension        : found extension EntryPoint(name='patch_get_account_id_from_access_key_id', value='localstack_ext.plugins:patch_get_account_id_from_access_key_id', group='localstack.hooks.on_infra_start')
2023-02-19T11:20:48.930 DEBUG --- [  MainThread] stevedore.extension        : found extension EntryPoint(name='patch_moto_backend_dict', value='localstack_ext.plugins:patch_moto_backend_dict', group='localstack.hooks.on_infra_start')
2023-02-19T11:20:48.930 DEBUG --- [  MainThread] stevedore.extension        : found extension EntryPoint(name='register_pods_api', value='localstack_ext.persistence.plugins:register_pods_api', group='localstack.hooks.on_infra_start')
2023-02-19T11:20:48.930 DEBUG --- [  MainThread] stevedore.extension        : found extension EntryPoint(name='register_state_serializer_handlers', value='localstack_ext.persistence.plugins:register_state_serializer_handlers', group='localstack.hooks.on_infra_start')
2023-02-19T11:20:48.930 DEBUG --- [  MainThread] stevedore.extension        : found extension EntryPoint(name='setup_pro_infra', value='localstack_ext.plugins:setup_pro_infra', group='localstack.hooks.on_infra_start')
2023-02-19T11:20:48.930 DEBUG --- [  MainThread] plugin.manager             : instantiating plugin PluginSpec(localstack.hooks.on_infra_start._patch_botocore_json_parser = <function _patch_botocore_json_parser at 0xffff8a604f70>)
2023-02-19T11:20:48.930 DEBUG --- [  MainThread] plugin.manager             : loading plugin localstack.hooks.on_infra_start:_patch_botocore_json_parser
2023-02-19T11:20:48.930 DEBUG --- [  MainThread] plugin.manager             : instantiating plugin PluginSpec(localstack.hooks.on_infra_start.patch_get_account_id = <function patch_get_account_id at 0xffff8ac4bbe0>)
2023-02-19T11:20:48.930 DEBUG --- [  MainThread] plugin.manager             : loading plugin localstack.hooks.on_infra_start:patch_get_account_id
2023-02-19T11:20:48.930 DEBUG --- [  MainThread] plugin.manager             : instantiating plugin PluginSpec(localstack.hooks.on_infra_start.register_partition_adjusting_proxy_listener = <function register_partition_adjusting_proxy_listener at 0xffff8a605480>)
2023-02-19T11:20:48.930 DEBUG --- [  MainThread] plugin.manager             : plugin localstack.hooks.on_infra_start:register_partition_adjusting_proxy_listener is disabled
2023-02-19T11:20:48.931 DEBUG --- [  MainThread] plugin.manager             : instantiating plugin PluginSpec(localstack.hooks.on_infra_start.add_aws_request_logger = <function add_aws_request_logger at 0xffff8a6057e0>)
2023-02-19T11:20:48.931 DEBUG --- [  MainThread] plugin.manager             : plugin localstack.hooks.on_infra_start:add_aws_request_logger is disabled
2023-02-19T11:20:48.931 DEBUG --- [  MainThread] plugin.manager             : instantiating plugin PluginSpec(localstack.hooks.on_infra_start.add_custom_edge_routes = <function add_custom_edge_routes at 0xffff8a436050>)
2023-02-19T11:20:48.931 DEBUG --- [  MainThread] plugin.manager             : plugin localstack.hooks.on_infra_start:add_custom_edge_routes is disabled
2023-02-19T11:20:48.931 DEBUG --- [  MainThread] plugin.manager             : instantiating plugin PluginSpec(localstack.hooks.on_infra_start.add_iam_enforcement_listener = <function add_iam_enforcement_listener at 0xffff8a437250>)
2023-02-19T11:20:48.931 DEBUG --- [  MainThread] plugin.manager             : plugin localstack.hooks.on_infra_start:add_iam_enforcement_listener is disabled
2023-02-19T11:20:48.931 DEBUG --- [  MainThread] plugin.manager             : instantiating plugin PluginSpec(localstack.hooks.on_infra_start.add_legacy_iam_enforcement_listener = <function add_legacy_iam_enforcement_listener at 0xffff8a4370a0>)
2023-02-19T11:20:48.931 DEBUG --- [  MainThread] plugin.manager             : plugin localstack.hooks.on_infra_start:add_legacy_iam_enforcement_listener is disabled
2023-02-19T11:20:48.931 DEBUG --- [  MainThread] plugin.manager             : instantiating plugin PluginSpec(localstack.hooks.on_infra_start.extensions_on_infra_start = <function extensions_on_infra_start at 0xffff8a4375b0>)
2023-02-19T11:20:48.931 DEBUG --- [  MainThread] plugin.manager             : plugin localstack.hooks.on_infra_start:extensions_on_infra_start is disabled
2023-02-19T11:20:48.931 DEBUG --- [  MainThread] plugin.manager             : instantiating plugin PluginSpec(localstack.hooks.on_infra_start.patch_account_id_resolver = <function patch_account_id_resolver at 0xffff8a436290>)
2023-02-19T11:20:48.931 DEBUG --- [  MainThread] plugin.manager             : plugin localstack.hooks.on_infra_start:patch_account_id_resolver is disabled
2023-02-19T11:20:48.931 DEBUG --- [  MainThread] plugin.manager             : instantiating plugin PluginSpec(localstack.hooks.on_infra_start.patch_get_account_id_from_access_key_id = <function patch_get_account_id_from_access_key_id at 0xffff8a4363b0>)
2023-02-19T11:20:48.931 DEBUG --- [  MainThread] plugin.manager             : plugin localstack.hooks.on_infra_start:patch_get_account_id_from_access_key_id is disabled
2023-02-19T11:20:48.931 DEBUG --- [  MainThread] plugin.manager             : instantiating plugin PluginSpec(localstack.hooks.on_infra_start.patch_moto_backend_dict = <function patch_moto_backend_dict at 0xffff8a436170>)
2023-02-19T11:20:48.931 DEBUG --- [  MainThread] plugin.manager             : plugin localstack.hooks.on_infra_start:patch_moto_backend_dict is disabled
2023-02-19T11:20:48.931 DEBUG --- [  MainThread] plugin.manager             : instantiating plugin PluginSpec(localstack.hooks.on_infra_start.register_pods_api = <function register_pods_api at 0xffff8a437a30>)
2023-02-19T11:20:48.931 DEBUG --- [  MainThread] plugin.manager             : plugin localstack.hooks.on_infra_start:register_pods_api is disabled
2023-02-19T11:20:48.931 DEBUG --- [  MainThread] plugin.manager             : instantiating plugin PluginSpec(localstack.hooks.on_infra_start.register_state_serializer_handlers = <function register_state_serializer_handlers at 0xffff8a437b50>)
2023-02-19T11:20:48.931 DEBUG --- [  MainThread] plugin.manager             : plugin localstack.hooks.on_infra_start:register_state_serializer_handlers is disabled
2023-02-19T11:20:48.931 DEBUG --- [  MainThread] plugin.manager             : instantiating plugin PluginSpec(localstack.hooks.on_infra_start.setup_pro_infra = <function setup_pro_infra at 0xffff8a436950>)
2023-02-19T11:20:48.931 DEBUG --- [  MainThread] plugin.manager             : plugin localstack.hooks.on_infra_start:setup_pro_infra is disabled
2023-02-19T11:20:48.950 DEBUG --- [d-2 (worker)] localstack.utils.run       : Executing command: ['zip', '-u', 'DynamoDBLocal.jar', 'log4j2.xml']
2023-02-19T11:20:48.951 DEBUG --- [d-5 (worker)] l.services.install         : getting kinesis-mock for linux aarch64
2023-02-19T11:20:48.951 DEBUG --- [d-5 (worker)] l.services.install         : kinesis-mock found at /usr/lib/localstack/kinesis-mock/kinesis-mock.jar
2023-02-19T11:20:48.952 DEBUG --- [d-4 (worker)] localstack.utils.run       : Executing command: ['unzip', '-o', 'StepFunctionsLocal.jar', 'META-INF/MANIFEST.MF']
2023-02-19T11:20:48.954 DEBUG --- [d-4 (worker)] localstack.utils.run       : Executing command: ['zip', 'StepFunctionsLocal.jar', 'META-INF/MANIFEST.MF']
2023-02-19T11:20:48.961 DEBUG --- [d-4 (worker)] localstack.utils.run       : Executing command: ['unzip', '-o', 'StepFunctionsLocal.jar', 'META-INF/MANIFEST.MF']
2023-02-19T11:20:48.983 DEBUG --- [d-2 (worker)] localstack.utils.run       : Executing command: ['unzip', '-o', 'DynamoDBLocal.jar', 'META-INF/MANIFEST.MF']
2023-02-19T11:20:48.986 DEBUG --- [d-2 (worker)] localstack.utils.run       : Executing command: ['unzip', '-o', 'DynamoDBLocal.jar', 'META-INF/MANIFEST.MF']
2023-02-19T11:20:49.026  WARN --- [  Thread-105] l.services.internal        : Enabling diagnose endpoint, please be aware that this can expose sensitive information via your network.
2023-02-19T11:20:49.028 DEBUG --- [  Thread-105] l.bootstrap.install        : Using cached SSL certificate (less than 6hrs since last update).
2023-02-19T11:20:49.032  WARN --- [  Thread-106] hypercorn.error            : ASGI Framework Lifespan error, continuing without Lifespan support
2023-02-19T11:20:49.032  WARN --- [  Thread-106] hypercorn.error            : ASGI Framework Lifespan error, continuing without Lifespan support
2023-02-19T11:20:49.033  INFO --- [  Thread-106] hypercorn.error            : Running on https://0.0.0.0:4566 (CTRL + C to quit)
2023-02-19T11:20:49.033  INFO --- [  Thread-106] hypercorn.error            : Running on https://0.0.0.0:4566 (CTRL + C to quit)
2023-02-19T11:20:49.316 DEBUG --- [  MainThread] stevedore.extension        : found extension EntryPoint(name='acm:default', value='localstack.services.providers:acm', group='localstack.aws.provider')
2023-02-19T11:20:49.333 DEBUG --- [  MainThread] stevedore.extension        : found extension EntryPoint(name='apigateway:default', value='localstack.services.providers:apigateway_asf', group='localstack.aws.provider')
2023-02-19T11:20:49.334 DEBUG --- [  MainThread] stevedore.extension        : found extension EntryPoint(name='apigateway:legacy', value='localstack.services.providers:apigateway_legacy', group='localstack.aws.provider')
2023-02-19T11:20:49.334 DEBUG --- [  MainThread] stevedore.extension        : found extension EntryPoint(name='cloudformation:default', value='localstack.services.providers:cloudformation', group='localstack.aws.provider')
2023-02-19T11:20:49.337 DEBUG --- [  MainThread] stevedore.extension        : found extension EntryPoint(name='cloudwatch:default', value='localstack.services.providers:cloudwatch', group='localstack.aws.provider')
2023-02-19T11:20:49.337 DEBUG --- [  MainThread] stevedore.extension        : found extension EntryPoint(name='config:default', value='localstack.services.providers:awsconfig', group='localstack.aws.provider')
2023-02-19T11:20:49.337 DEBUG --- [  MainThread] stevedore.extension        : found extension EntryPoint(name='dynamodb:default', value='localstack.services.providers:dynamodb', group='localstack.aws.provider')
2023-02-19T11:20:49.337 DEBUG --- [  MainThread] stevedore.extension        : found extension EntryPoint(name='dynamodbstreams:default', value='localstack.services.providers:dynamodbstreams', group='localstack.aws.provider')
2023-02-19T11:20:49.337 DEBUG --- [  MainThread] stevedore.extension        : found extension EntryPoint(name='ec2:default', value='localstack.services.providers:ec2', group='localstack.aws.provider')
2023-02-19T11:20:49.337 DEBUG --- [  MainThread] stevedore.extension        : found extension EntryPoint(name='es:default', value='localstack.services.providers:es', group='localstack.aws.provider')
2023-02-19T11:20:49.337 DEBUG --- [  MainThread] stevedore.extension        : found extension EntryPoint(name='events:default', value='localstack.services.providers:events', group='localstack.aws.provider')
2023-02-19T11:20:49.337 DEBUG --- [  MainThread] stevedore.extension        : found extension EntryPoint(name='firehose:default', value='localstack.services.providers:firehose', group='localstack.aws.provider')
2023-02-19T11:20:49.338 DEBUG --- [  MainThread] stevedore.extension        : found extension EntryPoint(name='iam:default', value='localstack.services.providers:iam', group='localstack.aws.provider')
2023-02-19T11:20:49.338 DEBUG --- [  MainThread] stevedore.extension        : found extension EntryPoint(name='kinesis:default', value='localstack.services.providers:kinesis', group='localstack.aws.provider')
2023-02-19T11:20:49.338 DEBUG --- [  MainThread] stevedore.extension        : found extension EntryPoint(name='kms:default', value='localstack.services.providers:kms', group='localstack.aws.provider')
2023-02-19T11:20:49.338 DEBUG --- [  MainThread] stevedore.extension        : found extension EntryPoint(name='lambda:asf', value='localstack.services.providers:awslambda_asf', group='localstack.aws.provider')
2023-02-19T11:20:49.338 DEBUG --- [  MainThread] stevedore.extension        : found extension EntryPoint(name='lambda:default', value='localstack.services.providers:awslambda', group='localstack.aws.provider')
2023-02-19T11:20:49.339 DEBUG --- [  MainThread] stevedore.extension        : found extension EntryPoint(name='logs:default', value='localstack.services.providers:logs', group='localstack.aws.provider')
2023-02-19T11:20:49.339 DEBUG --- [  MainThread] stevedore.extension        : found extension EntryPoint(name='opensearch:default', value='localstack.services.providers:opensearch', group='localstack.aws.provider')
2023-02-19T11:20:49.339 DEBUG --- [  MainThread] stevedore.extension        : found extension EntryPoint(name='redshift:default', value='localstack.services.providers:redshift', group='localstack.aws.provider')
2023-02-19T11:20:49.339 DEBUG --- [  MainThread] stevedore.extension        : found extension EntryPoint(name='resource-groups:default', value='localstack.services.providers:resource_groups', group='localstack.aws.provider')
2023-02-19T11:20:49.339 DEBUG --- [  MainThread] stevedore.extension        : found extension EntryPoint(name='resourcegroupstaggingapi:default', value='localstack.services.providers:resourcegroupstaggingapi', group='localstack.aws.provider')
2023-02-19T11:20:49.339 DEBUG --- [  MainThread] stevedore.extension        : found extension EntryPoint(name='route53:default', value='localstack.services.providers:route53', group='localstack.aws.provider')
2023-02-19T11:20:49.339 DEBUG --- [  MainThread] stevedore.extension        : found extension EntryPoint(name='route53resolver:default', value='localstack.services.providers:route53resolver', group='localstack.aws.provider')
2023-02-19T11:20:49.340 DEBUG --- [  MainThread] stevedore.extension        : found extension EntryPoint(name='s3:default', value='localstack.services.providers:s3', group='localstack.aws.provider')
2023-02-19T11:20:49.340 DEBUG --- [  MainThread] stevedore.extension        : found extension EntryPoint(name='s3control:default', value='localstack.services.providers:s3control', group='localstack.aws.provider')
2023-02-19T11:20:49.340 DEBUG --- [  MainThread] stevedore.extension        : found extension EntryPoint(name='secretsmanager:default', value='localstack.services.providers:secretsmanager', group='localstack.aws.provider')
2023-02-19T11:20:49.340 DEBUG --- [  MainThread] stevedore.extension        : found extension EntryPoint(name='ses:default', value='localstack.services.providers:ses', group='localstack.aws.provider')
2023-02-19T11:20:49.340 DEBUG --- [  MainThread] stevedore.extension        : found extension EntryPoint(name='sns:default', value='localstack.services.providers:sns', group='localstack.aws.provider')
2023-02-19T11:20:49.340 DEBUG --- [  MainThread] stevedore.extension        : found extension EntryPoint(name='sqs:default', value='localstack.services.providers:sqs', group='localstack.aws.provider')
2023-02-19T11:20:49.340 DEBUG --- [  MainThread] stevedore.extension        : found extension EntryPoint(name='sqs:legacy', value='localstack.services.providers:sqs_legacy', group='localstack.aws.provider')
2023-02-19T11:20:49.340 DEBUG --- [  MainThread] stevedore.extension        : found extension EntryPoint(name='ssm:default', value='localstack.services.providers:ssm', group='localstack.aws.provider')
2023-02-19T11:20:49.340 DEBUG --- [  MainThread] stevedore.extension        : found extension EntryPoint(name='stepfunctions:default', value='localstack.services.providers:stepfunctions', group='localstack.aws.provider')
2023-02-19T11:20:49.340 DEBUG --- [  MainThread] stevedore.extension        : found extension EntryPoint(name='sts:default', value='localstack.services.providers:sts', group='localstack.aws.provider')
2023-02-19T11:20:49.340 DEBUG --- [  MainThread] stevedore.extension        : found extension EntryPoint(name='support:default', value='localstack.services.providers:support', group='localstack.aws.provider')
2023-02-19T11:20:49.340 DEBUG --- [  MainThread] stevedore.extension        : found extension EntryPoint(name='swf:default', value='localstack.services.providers:swf', group='localstack.aws.provider')
2023-02-19T11:20:49.340 DEBUG --- [  MainThread] stevedore.extension        : found extension EntryPoint(name='amplify:pro', value='localstack_ext.providers:amplify', group='localstack.aws.provider')
2023-02-19T11:20:49.341 DEBUG --- [  MainThread] stevedore.extension        : found extension EntryPoint(name='apigateway:legacy_pro', value='localstack_ext.providers:apigateway_legacy', group='localstack.aws.provider')
2023-02-19T11:20:49.341 DEBUG --- [  MainThread] stevedore.extension        : found extension EntryPoint(name='apigateway:pro', value='localstack_ext.providers:apigateway', group='localstack.aws.provider')
2023-02-19T11:20:49.341 DEBUG --- [  MainThread] stevedore.extension        : found extension EntryPoint(name='apigatewaymanagementapi:pro', value='localstack_ext.providers:apigatewaymanagementapi', group='localstack.aws.provider')
2023-02-19T11:20:49.341 DEBUG --- [  MainThread] stevedore.extension        : found extension EntryPoint(name='apigatewayv2:legacy_pro', value='localstack_ext.providers:apigatewayv2_legacy', group='localstack.aws.provider')
2023-02-19T11:20:49.341 DEBUG --- [  MainThread] stevedore.extension        : found extension EntryPoint(name='apigatewayv2:pro', value='localstack_ext.providers:apigatewayv2', group='localstack.aws.provider')
2023-02-19T11:20:49.341 DEBUG --- [  MainThread] stevedore.extension        : found extension EntryPoint(name='appconfig:pro', value='localstack_ext.providers:appconfig', group='localstack.aws.provider')
2023-02-19T11:20:49.341 DEBUG --- [  MainThread] stevedore.extension        : found extension EntryPoint(name='application-autoscaling:pro', value='localstack_ext.providers:application_autoscaling', group='localstack.aws.provider')
2023-02-19T11:20:49.341 DEBUG --- [  MainThread] stevedore.extension        : found extension EntryPoint(name='appsync:pro', value='localstack_ext.providers:appsync', group='localstack.aws.provider')
2023-02-19T11:20:49.341 DEBUG --- [  MainThread] stevedore.extension        : found extension EntryPoint(name='athena:pro', value='localstack_ext.providers:athena', group='localstack.aws.provider')
2023-02-19T11:20:49.341 DEBUG --- [  MainThread] stevedore.extension        : found extension EntryPoint(name='autoscaling:pro', value='localstack_ext.providers:autoscaling', group='localstack.aws.provider')
2023-02-19T11:20:49.341 DEBUG --- [  MainThread] stevedore.extension        : found extension EntryPoint(name='azure:pro', value='localstack_ext.providers:azure', group='localstack.aws.provider')
2023-02-19T11:20:49.341 DEBUG --- [  MainThread] stevedore.extension        : found extension EntryPoint(name='backup:pro', value='localstack_ext.providers:backup', group='localstack.aws.provider')
2023-02-19T11:20:49.341 DEBUG --- [  MainThread] stevedore.extension        : found extension EntryPoint(name='batch:pro', value='localstack_ext.providers:batch', group='localstack.aws.provider')
2023-02-19T11:20:49.341 DEBUG --- [  MainThread] stevedore.extension        : found extension EntryPoint(name='ce:pro', value='localstack_ext.providers:ce', group='localstack.aws.provider')
2023-02-19T11:20:49.341 DEBUG --- [  MainThread] stevedore.extension        : found extension EntryPoint(name='cloudformation:pro', value='localstack_ext.providers:cloudformation', group='localstack.aws.provider')
2023-02-19T11:20:49.341 DEBUG --- [  MainThread] stevedore.extension        : found extension EntryPoint(name='cloudfront:pro', value='localstack_ext.providers:cloudfront', group='localstack.aws.provider')
2023-02-19T11:20:49.341 DEBUG --- [  MainThread] stevedore.extension        : found extension EntryPoint(name='cloudtrail:pro', value='localstack_ext.providers:cloudtrail', group='localstack.aws.provider')
2023-02-19T11:20:49.341 DEBUG --- [  MainThread] stevedore.extension        : found extension EntryPoint(name='codecommit:pro', value='localstack_ext.providers:codecommit', group='localstack.aws.provider')
2023-02-19T11:20:49.341 DEBUG --- [  MainThread] stevedore.extension        : found extension EntryPoint(name='cognito-identity:pro', value='localstack_ext.providers:cognito_identity', group='localstack.aws.provider')
2023-02-19T11:20:49.341 DEBUG --- [  MainThread] stevedore.extension        : found extension EntryPoint(name='cognito-idp:pro', value='localstack_ext.providers:cognito_idp', group='localstack.aws.provider')
2023-02-19T11:20:49.341 DEBUG --- [  MainThread] stevedore.extension        : found extension EntryPoint(name='docdb:pro', value='localstack_ext.providers:docdb', group='localstack.aws.provider')
2023-02-19T11:20:49.341 DEBUG --- [  MainThread] stevedore.extension        : found extension EntryPoint(name='dynamodb:pro', value='localstack_ext.providers:dynamodb', group='localstack.aws.provider')
2023-02-19T11:20:49.341 DEBUG --- [  MainThread] stevedore.extension        : found extension EntryPoint(name='dynamodbstreams:pro', value='localstack_ext.providers:dynamodbstreams', group='localstack.aws.provider')
2023-02-19T11:20:49.341 DEBUG --- [  MainThread] stevedore.extension        : found extension EntryPoint(name='ec2:pro', value='localstack_ext.providers:ec2', group='localstack.aws.provider')
2023-02-19T11:20:49.341 DEBUG --- [  MainThread] stevedore.extension        : found extension EntryPoint(name='ecr:pro', value='localstack_ext.providers:ecr', group='localstack.aws.provider')
2023-02-19T11:20:49.341 DEBUG --- [  MainThread] stevedore.extension        : found extension EntryPoint(name='ecs:pro', value='localstack_ext.providers:ecs', group='localstack.aws.provider')
2023-02-19T11:20:49.342 DEBUG --- [  MainThread] stevedore.extension        : found extension EntryPoint(name='efs:pro', value='localstack_ext.providers:efs', group='localstack.aws.provider')
2023-02-19T11:20:49.342 DEBUG --- [  MainThread] stevedore.extension        : found extension EntryPoint(name='eks:mock', value='localstack_ext.providers:eks_mock', group='localstack.aws.provider')
2023-02-19T11:20:49.342 DEBUG --- [  MainThread] stevedore.extension        : found extension EntryPoint(name='eks:pro', value='localstack_ext.providers:eks', group='localstack.aws.provider')
2023-02-19T11:20:49.342 DEBUG --- [  MainThread] stevedore.extension        : found extension EntryPoint(name='elasticache:pro', value='localstack_ext.providers:elasticache', group='localstack.aws.provider')
2023-02-19T11:20:49.342 DEBUG --- [  MainThread] stevedore.extension        : found extension EntryPoint(name='elasticbeanstalk:pro', value='localstack_ext.providers:elasticbeanstalk', group='localstack.aws.provider')
2023-02-19T11:20:49.342 DEBUG --- [  MainThread] stevedore.extension        : found extension EntryPoint(name='elb:pro', value='localstack_ext.providers:elb', group='localstack.aws.provider')
2023-02-19T11:20:49.342 DEBUG --- [  MainThread] stevedore.extension        : found extension EntryPoint(name='elbv2:pro', value='localstack_ext.providers:elbv2', group='localstack.aws.provider')
2023-02-19T11:20:49.342 DEBUG --- [  MainThread] stevedore.extension        : found extension EntryPoint(name='emr:pro', value='localstack_ext.providers:emr', group='localstack.aws.provider')
2023-02-19T11:20:49.342 DEBUG --- [  MainThread] stevedore.extension        : found extension EntryPoint(name='events:pro', value='localstack_ext.providers:events', group='localstack.aws.provider')
2023-02-19T11:20:49.342 DEBUG --- [  MainThread] stevedore.extension        : found extension EntryPoint(name='glacier:pro', value='localstack_ext.providers:glacier', group='localstack.aws.provider')
2023-02-19T11:20:49.342 DEBUG --- [  MainThread] stevedore.extension        : found extension EntryPoint(name='glue:pro', value='localstack_ext.providers:glue', group='localstack.aws.provider')
2023-02-19T11:20:49.342 DEBUG --- [  MainThread] stevedore.extension        : found extension EntryPoint(name='iam:pro', value='localstack_ext.providers:iam', group='localstack.aws.provider')
2023-02-19T11:20:49.342 DEBUG --- [  MainThread] stevedore.extension        : found extension EntryPoint(name='iot-data:pro', value='localstack_ext.providers:iot_data', group='localstack.aws.provider')
2023-02-19T11:20:49.342 DEBUG --- [  MainThread] stevedore.extension        : found extension EntryPoint(name='iot:pro', value='localstack_ext.providers:iot', group='localstack.aws.provider')
2023-02-19T11:20:49.342 DEBUG --- [  MainThread] stevedore.extension        : found extension EntryPoint(name='iotanalytics:pro', value='localstack_ext.providers:iotanalytics', group='localstack.aws.provider')
2023-02-19T11:20:49.342 DEBUG --- [  MainThread] stevedore.extension        : found extension EntryPoint(name='iotwireless:pro', value='localstack_ext.providers:iotwireless', group='localstack.aws.provider')
2023-02-19T11:20:49.342 DEBUG --- [  MainThread] stevedore.extension        : found extension EntryPoint(name='kafka:pro', value='localstack_ext.providers:kafka', group='localstack.aws.provider')
2023-02-19T11:20:49.342 DEBUG --- [  MainThread] stevedore.extension        : found extension EntryPoint(name='kinesis:pro', value='localstack_ext.providers:kinesis', group='localstack.aws.provider')
2023-02-19T11:20:49.342 DEBUG --- [  MainThread] stevedore.extension        : found extension EntryPoint(name='kinesisanalytics:pro', value='localstack_ext.providers:kinesisanalytics', group='localstack.aws.provider')
2023-02-19T11:20:49.342 DEBUG --- [  MainThread] stevedore.extension        : found extension EntryPoint(name='kinesisanalyticsv2:pro', value='localstack_ext.providers:kinesisanalyticsv2', group='localstack.aws.provider')
2023-02-19T11:20:49.342 DEBUG --- [  MainThread] stevedore.extension        : found extension EntryPoint(name='kms:pro', value='localstack_ext.providers:kms', group='localstack.aws.provider')
2023-02-19T11:20:49.342 DEBUG --- [  MainThread] stevedore.extension        : found extension EntryPoint(name='lakeformation:pro', value='localstack_ext.providers:lakeformation', group='localstack.aws.provider')
2023-02-19T11:20:49.342 DEBUG --- [  MainThread] stevedore.extension        : found extension EntryPoint(name='lambda:pro', value='localstack_ext.providers:awslambda', group='localstack.aws.provider')
2023-02-19T11:20:49.342 DEBUG --- [  MainThread] stevedore.extension        : found extension EntryPoint(name='logs:pro', value='localstack_ext.providers:logs', group='localstack.aws.provider')
2023-02-19T11:20:49.342 DEBUG --- [  MainThread] stevedore.extension        : found extension EntryPoint(name='mediastore-data:pro', value='localstack_ext.providers:mediastore_data', group='localstack.aws.provider')
2023-02-19T11:20:49.342 DEBUG --- [  MainThread] stevedore.extension        : found extension EntryPoint(name='mediastore:pro', value='localstack_ext.providers:mediastore', group='localstack.aws.provider')
2023-02-19T11:20:49.342 DEBUG --- [  MainThread] stevedore.extension        : found extension EntryPoint(name='mwaa:pro', value='localstack_ext.providers:mwaa', group='localstack.aws.provider')
2023-02-19T11:20:49.342 DEBUG --- [  MainThread] stevedore.extension        : found extension EntryPoint(name='neptune:pro', value='localstack_ext.providers:neptune', group='localstack.aws.provider')
2023-02-19T11:20:49.342 DEBUG --- [  MainThread] stevedore.extension        : found extension EntryPoint(name='opensearch:pro', value='localstack_ext.providers:opensearch', group='localstack.aws.provider')
2023-02-19T11:20:49.342 DEBUG --- [  MainThread] stevedore.extension        : found extension EntryPoint(name='organizations:pro', value='localstack_ext.providers:organizations', group='localstack.aws.provider')
2023-02-19T11:20:49.342 DEBUG --- [  MainThread] stevedore.extension        : found extension EntryPoint(name='qldb-session:pro', value='localstack_ext.providers:qldb_session', group='localstack.aws.provider')
2023-02-19T11:20:49.342 DEBUG --- [  MainThread] stevedore.extension        : found extension EntryPoint(name='qldb:pro', value='localstack_ext.providers:qldb', group='localstack.aws.provider')
2023-02-19T11:20:49.342 DEBUG --- [  MainThread] stevedore.extension        : found extension EntryPoint(name='rds-data:pro', value='localstack_ext.providers:rds_data', group='localstack.aws.provider')
2023-02-19T11:20:49.342 DEBUG --- [  MainThread] stevedore.extension        : found extension EntryPoint(name='rds:pro', value='localstack_ext.providers:rds', group='localstack.aws.provider')
2023-02-19T11:20:49.342 DEBUG --- [  MainThread] stevedore.extension        : found extension EntryPoint(name='redshift-data:pro', value='localstack_ext.providers:redshift_data', group='localstack.aws.provider')
2023-02-19T11:20:49.342 DEBUG --- [  MainThread] stevedore.extension        : found extension EntryPoint(name='redshift:pro', value='localstack_ext.providers:redshift', group='localstack.aws.provider')
2023-02-19T11:20:49.342 DEBUG --- [  MainThread] stevedore.extension        : found extension EntryPoint(name='route53:pro', value='localstack_ext.providers:route53', group='localstack.aws.provider')
2023-02-19T11:20:49.342 DEBUG --- [  MainThread] stevedore.extension        : found extension EntryPoint(name='s3:pro', value='localstack_ext.providers:s3', group='localstack.aws.provider')
2023-02-19T11:20:49.342 DEBUG --- [  MainThread] stevedore.extension        : found extension EntryPoint(name='sagemaker:pro', value='localstack_ext.providers:sagemaker', group='localstack.aws.provider')
2023-02-19T11:20:49.342 DEBUG --- [  MainThread] stevedore.extension        : found extension EntryPoint(name='secretsmanager:pro', value='localstack_ext.providers:secretsmanager', group='localstack.aws.provider')
2023-02-19T11:20:49.342 DEBUG --- [  MainThread] stevedore.extension        : found extension EntryPoint(name='serverlessrepo:pro', value='localstack_ext.providers:serverlessrepo', group='localstack.aws.provider')
2023-02-19T11:20:49.342 DEBUG --- [  MainThread] stevedore.extension        : found extension EntryPoint(name='servicediscovery:pro', value='localstack_ext.providers:servicediscovery', group='localstack.aws.provider')
2023-02-19T11:20:49.342 DEBUG --- [  MainThread] stevedore.extension        : found extension EntryPoint(name='ses:pro', value='localstack_ext.providers:ses', group='localstack.aws.provider')
2023-02-19T11:20:49.342 DEBUG --- [  MainThread] stevedore.extension        : found extension EntryPoint(name='sesv2:pro', value='localstack_ext.providers:sesv2', group='localstack.aws.provider')
2023-02-19T11:20:49.342 DEBUG --- [  MainThread] stevedore.extension        : found extension EntryPoint(name='sns:pro', value='localstack_ext.providers:sns', group='localstack.aws.provider')
2023-02-19T11:20:49.342 DEBUG --- [  MainThread] stevedore.extension        : found extension EntryPoint(name='sqs:legacy_pro', value='localstack_ext.providers:sqs_legacy', group='localstack.aws.provider')
2023-02-19T11:20:49.343 DEBUG --- [  MainThread] stevedore.extension        : found extension EntryPoint(name='sqs:pro', value='localstack_ext.providers:sqs', group='localstack.aws.provider')
2023-02-19T11:20:49.343 DEBUG --- [  MainThread] stevedore.extension        : found extension EntryPoint(name='ssm:pro', value='localstack_ext.providers:ssm', group='localstack.aws.provider')
2023-02-19T11:20:49.343 DEBUG --- [  MainThread] stevedore.extension        : found extension EntryPoint(name='stepfunctions:pro', value='localstack_ext.providers:stepfunctions', group='localstack.aws.provider')
2023-02-19T11:20:49.343 DEBUG --- [  MainThread] stevedore.extension        : found extension EntryPoint(name='sts:pro', value='localstack_ext.providers:sts', group='localstack.aws.provider')
2023-02-19T11:20:49.343 DEBUG --- [  MainThread] stevedore.extension        : found extension EntryPoint(name='timestream-query:pro', value='localstack_ext.providers:timestream_query', group='localstack.aws.provider')
2023-02-19T11:20:49.343 DEBUG --- [  MainThread] stevedore.extension        : found extension EntryPoint(name='timestream-write:pro', value='localstack_ext.providers:timestream_write', group='localstack.aws.provider')
2023-02-19T11:20:49.343 DEBUG --- [  MainThread] stevedore.extension        : found extension EntryPoint(name='transfer:pro', value='localstack_ext.providers:transfer', group='localstack.aws.provider')
2023-02-19T11:20:49.343 DEBUG --- [  MainThread] stevedore.extension        : found extension EntryPoint(name='xray:pro', value='localstack_ext.providers:xray', group='localstack.aws.provider')
2023-02-19T11:20:49.343 DEBUG --- [  MainThread] stevedore.extension        : found extension EntryPoint(name='extensions_on_infra_ready', value='localstack_ext.extensions.plugins:extensions_on_infra_ready', group='localstack.hooks.on_infra_ready')
2023-02-19T11:20:49.343 DEBUG --- [  MainThread] stevedore.extension        : found extension EntryPoint(name='initialize_health_info', value='localstack_ext.plugins:initialize_health_info', group='localstack.hooks.on_infra_ready')
2023-02-19T11:20:49.343 DEBUG --- [  MainThread] plugin.manager             : instantiating plugin PluginSpec(localstack.hooks.on_infra_ready.extensions_on_infra_ready = <function extensions_on_infra_ready at 0xffff8a4376d0>)
2023-02-19T11:20:49.343 DEBUG --- [  MainThread] plugin.manager             : plugin localstack.hooks.on_infra_ready:extensions_on_infra_ready is disabled
2023-02-19T11:20:49.343 DEBUG --- [  MainThread] plugin.manager             : instantiating plugin PluginSpec(localstack.hooks.on_infra_ready.initialize_health_info = <function initialize_health_info at 0xffff8a436b90>)
2023-02-19T11:20:49.343 DEBUG --- [  MainThread] plugin.manager             : plugin localstack.hooks.on_infra_ready:initialize_health_info is disabled
2023-02-19T11:21:07.103 DEBUG --- [   asgi_gw_0] plugin.manager             : instantiating plugin PluginSpec(localstack.aws.provider.dynamodb:default = <function dynamodb at 0xffff7be7d870>)
2023-02-19T11:21:07.103 DEBUG --- [   asgi_gw_0] plugin.manager             : loading plugin localstack.aws.provider:dynamodb:default
2023-02-19T11:21:07.168 DEBUG --- [   asgi_gw_0] localstack.utils.run       : Executing command: ['zip', '-u', 'DynamoDBLocal.jar', 'log4j2.xml']
2023-02-19T11:21:07.205 DEBUG --- [   asgi_gw_0] localstack.utils.run       : Executing command: ['unzip', '-o', 'DynamoDBLocal.jar', 'META-INF/MANIFEST.MF']
2023-02-19T11:21:07.208 DEBUG --- [   asgi_gw_0] localstack.utils.run       : Executing command: ['unzip', '-o', 'DynamoDBLocal.jar', 'META-INF/MANIFEST.MF']
2023-02-19T11:21:07.210 DEBUG --- [   asgi_gw_0] l.services.dynamodb.server : starting dynamodb process ['java', '-Xmx256m', '-javaagent:/usr/lib/localstack/dynamodb/ddb-local-loader-0.1.jar', '-Djava.library.path=/usr/lib/localstack/dynamodb/DynamoDBLocal_lib', '-jar', '/usr/lib/localstack/dynamodb/DynamoDBLocal.jar', '-port', '40691', '-dbPath', '/var/lib/localstack/tmp/state/dynamodb', '-sharedDb']
2023-02-19T11:21:07.210 DEBUG --- [  Thread-114] localstack.utils.run       : Executing command: ['java', '-Xmx256m', '-javaagent:/usr/lib/localstack/dynamodb/ddb-local-loader-0.1.jar', '-Djava.library.path=/usr/lib/localstack/dynamodb/DynamoDBLocal_lib', '-jar', '/usr/lib/localstack/dynamodb/DynamoDBLocal.jar', '-port', '40691', '-dbPath', '/var/lib/localstack/tmp/state/dynamodb', '-sharedDb']
2023-02-19T11:21:07.346  INFO --- [  Thread-114] l.services.dynamodb.server : Initializing DynamoDB Local with the following configuration:
2023-02-19T11:21:07.346  INFO --- [  Thread-114] l.services.dynamodb.server : Port:	40691
2023-02-19T11:21:07.346  INFO --- [  Thread-114] l.services.dynamodb.server : InMemory:	false
2023-02-19T11:21:07.346  INFO --- [  Thread-114] l.services.dynamodb.server : DbPath:	/var/lib/localstack/tmp/state/dynamodb
2023-02-19T11:21:07.346  INFO --- [  Thread-114] l.services.dynamodb.server : SharedDb:	true
2023-02-19T11:21:07.346  INFO --- [  Thread-114] l.services.dynamodb.server : shouldDelayTransientStatuses:	false
2023-02-19T11:21:07.346  INFO --- [  Thread-114] l.services.dynamodb.server : CorsParams:	*
2023-02-19T11:21:07.352  INFO --- [  Thread-114] l.services.dynamodb.server : 
2023-02-19T11:21:08.462 DEBUG --- [   asgi_gw_0] l.services.plugins         : checking service health dynamodb:4566
2023-02-19T11:21:08.462  INFO --- [   asgi_gw_0] localstack.utils.bootstrap : Execution of "require" took 1359.63ms
2023-02-19T11:21:08.559  INFO --- [   asgi_gw_0] localstack.request.aws     : AWS dynamodb.CreateTable => 200
2023-02-19T11:21:09.457  INFO --- [   asgi_gw_1] localstack.request.aws     : AWS dynamodb.PutItem => 200
2023-02-19T11:21:09.477  INFO --- [   asgi_gw_0] localstack.request.aws     : AWS dynamodb.PutItem => 200
2023-02-19T11:21:09.493  INFO --- [   asgi_gw_1] localstack.request.aws     : AWS dynamodb.PutItem => 200
2023-02-19T11:21:09.508  INFO --- [   asgi_gw_0] localstack.request.aws     : AWS dynamodb.PutItem => 200
2023-02-19T11:21:27.046  INFO --- [   asgi_gw_0] localstack.request.aws     : AWS dynamodb.Query => 200
2023-02-19T11:22:06.296  INFO --- [   asgi_gw_1] localstack.request.aws     : AWS dynamodb.UpdateItem => 200
2023-02-19T11:22:06.305  INFO --- [   asgi_gw_3] localstack.request.aws     : AWS dynamodb.UpdateItem => 200
2023-02-19T11:22:06.315  INFO --- [   asgi_gw_2] localstack.request.aws     : AWS dynamodb.UpdateItem => 200
2023-02-19T11:22:06.324  INFO --- [   asgi_gw_0] localstack.request.aws     : AWS dynamodb.UpdateItem => 200
2023-02-19T11:22:18.641  INFO --- [   asgi_gw_2] localstack.request.aws     : AWS dynamodb.Scan => 200
2023-02-19T11:22:27.260 DEBUG --- [   asgi_gw_2] plugin.manager             : instantiating plugin PluginSpec(localstack.aws.provider.lambda:default = <function awslambda at 0xffff7be7e290>)
2023-02-19T11:22:27.260 DEBUG --- [   asgi_gw_2] plugin.manager             : loading plugin localstack.aws.provider:lambda:default
2023-02-19T11:22:27.665  INFO --- [   asgi_gw_2] localstack.services.infra  : Starting mock Lambda service on http port 4566 ...
2023-02-19T11:22:28.181  INFO --- [   asgi_gw_2] localstack.utils.bootstrap : Execution of "require" took 920.83ms
2023-02-19T11:22:28.191  INFO --- [   asgi_gw_0] localstack.request.aws     : AWS dynamodb.DeleteTable => 200
2023-02-19T11:30:36.935  INFO --- [   asgi_gw_2] localstack.request.aws     : AWS dynamodb.CreateTable => 200
2023-02-19T11:30:37.839  INFO --- [   asgi_gw_0] localstack.request.aws     : AWS dynamodb.PutItem => 200
2023-02-19T11:30:37.854  INFO --- [   asgi_gw_3] localstack.request.aws     : AWS dynamodb.PutItem => 200
2023-02-19T11:30:37.870  INFO --- [   asgi_gw_1] localstack.request.aws     : AWS dynamodb.PutItem => 200
2023-02-19T11:30:37.887  INFO --- [   asgi_gw_2] localstack.request.aws     : AWS dynamodb.PutItem => 200
2023-02-19T11:30:39.701  INFO --- [   asgi_gw_0] localstack.request.aws     : AWS dynamodb.Query => 200
2023-02-19T11:30:41.330  INFO --- [   asgi_gw_3] localstack.request.aws     : AWS dynamodb.UpdateItem => 200
2023-02-19T11:30:41.343  INFO --- [   asgi_gw_0] localstack.request.aws     : AWS dynamodb.UpdateItem => 200
2023-02-19T11:30:41.352  INFO --- [   asgi_gw_1] localstack.request.aws     : AWS dynamodb.UpdateItem => 200
2023-02-19T11:30:42.596  INFO --- [   asgi_gw_2] localstack.request.aws     : AWS dynamodb.Scan => 200
2023-02-19T11:31:14.569  INFO --- [   asgi_gw_2] localstack.request.aws     : AWS dynamodb.DeleteTable => 200
2023-02-19T11:31:32.659  INFO --- [   asgi_gw_0] localstack.request.aws     : AWS dynamodb.CreateTable => 200
2023-02-19T11:31:33.398  INFO --- [   asgi_gw_1] localstack.request.aws     : AWS dynamodb.PutItem => 200
2023-02-19T11:31:33.419  INFO --- [   asgi_gw_2] localstack.request.aws     : AWS dynamodb.PutItem => 200
2023-02-19T11:31:33.435  INFO --- [   asgi_gw_3] localstack.request.aws     : AWS dynamodb.PutItem => 200
2023-02-19T11:31:33.450  INFO --- [   asgi_gw_0] localstack.request.aws     : AWS dynamodb.PutItem => 200
2023-02-19T11:31:35.565  INFO --- [   asgi_gw_1] localstack.request.aws     : AWS dynamodb.Query => 200
2023-02-19T11:31:44.134  INFO --- [   asgi_gw_3] localstack.request.aws     : AWS dynamodb.UpdateItem => 200
2023-02-19T11:31:44.149  INFO --- [   asgi_gw_2] localstack.request.aws     : AWS dynamodb.UpdateItem => 200
2023-02-19T11:31:44.159  INFO --- [   asgi_gw_0] localstack.request.aws     : AWS dynamodb.UpdateItem => 200
2023-02-19T11:31:46.925  INFO --- [   asgi_gw_1] localstack.request.aws     : AWS dynamodb.Scan => 200
2023-02-19T11:32:26.848  INFO --- [   asgi_gw_2] localstack.request.aws     : AWS dynamodb.DeleteTable => 200
2023-02-19T11:32:49.444  INFO --- [   asgi_gw_1] localstack.request.aws     : AWS dynamodb.CreateTable => 200
2023-02-19T11:32:50.553  INFO --- [   asgi_gw_3] localstack.request.aws     : AWS dynamodb.PutItem => 200
2023-02-19T11:32:50.571  INFO --- [   asgi_gw_2] localstack.request.aws     : AWS dynamodb.PutItem => 200
2023-02-19T11:32:50.587  INFO --- [   asgi_gw_0] localstack.request.aws     : AWS dynamodb.PutItem => 200
2023-02-19T11:32:50.602  INFO --- [   asgi_gw_1] localstack.request.aws     : AWS dynamodb.PutItem => 200
2023-02-19T11:33:03.136  INFO --- [   asgi_gw_2] localstack.request.aws     : AWS dynamodb.Query => 200
2023-02-19T11:33:04.291  INFO --- [   asgi_gw_1] localstack.request.aws     : AWS dynamodb.UpdateItem => 200
2023-02-19T11:33:04.297  INFO --- [   asgi_gw_0] localstack.request.aws     : AWS dynamodb.UpdateItem => 200
2023-02-19T11:33:04.305  INFO --- [   asgi_gw_3] localstack.request.aws     : AWS dynamodb.UpdateItem => 200
2023-02-19T11:33:22.401  INFO --- [   asgi_gw_0] localstack.request.aws     : AWS dynamodb.Scan => 200
2023-02-19T11:33:24.700  INFO --- [   asgi_gw_1] localstack.request.aws     : AWS dynamodb.DeleteTable => 200
2023-02-19T11:33:42.569  INFO --- [   asgi_gw_0] localstack.request.aws     : AWS dynamodb.CreateTable => 200
2023-02-19T11:33:49.991  INFO --- [   asgi_gw_1] localstack.request.aws     : AWS dynamodb.PutItem => 200
2023-02-19T11:33:50.011  INFO --- [   asgi_gw_2] localstack.request.aws     : AWS dynamodb.PutItem => 200
2023-02-19T11:33:50.026  INFO --- [   asgi_gw_0] localstack.request.aws     : AWS dynamodb.PutItem => 200
2023-02-19T11:33:50.039  INFO --- [   asgi_gw_3] localstack.request.aws     : AWS dynamodb.PutItem => 200
2023-02-19T11:33:53.671  INFO --- [   asgi_gw_1] localstack.request.aws     : AWS dynamodb.Query => 200
2023-02-19T11:33:54.840  INFO --- [   asgi_gw_2] localstack.request.aws     : AWS dynamodb.UpdateItem => 200
2023-02-19T11:33:54.847  INFO --- [   asgi_gw_0] localstack.request.aws     : AWS dynamodb.UpdateItem => 200
2023-02-19T11:33:54.855  INFO --- [   asgi_gw_1] localstack.request.aws     : AWS dynamodb.UpdateItem => 200
2023-02-19T11:34:23.140  INFO --- [   asgi_gw_1] localstack.request.aws     : AWS dynamodb.Scan => 200
2023-02-19T11:34:58.911  INFO --- [   asgi_gw_1] localstack.request.aws     : AWS dynamodb.DeleteTable => 200
2023-02-19T11:35:53.025  INFO --- [   asgi_gw_0] localstack.request.aws     : AWS dynamodb.CreateTable => 200
2023-02-19T11:35:53.042  INFO --- [   asgi_gw_1] localstack.request.aws     : AWS dynamodb.PutItem => 200
2023-02-19T11:35:53.057  INFO --- [   asgi_gw_2] localstack.request.aws     : AWS dynamodb.PutItem => 200
2023-02-19T11:35:53.070  INFO --- [   asgi_gw_3] localstack.request.aws     : AWS dynamodb.PutItem => 200
2023-02-19T11:35:53.124  INFO --- [   asgi_gw_0] localstack.request.aws     : AWS dynamodb.PutItem => 200
2023-02-19T11:35:53.135  INFO --- [   asgi_gw_1] localstack.request.aws     : AWS dynamodb.Query => 200
2023-02-19T11:35:53.150  INFO --- [   asgi_gw_2] localstack.request.aws     : AWS dynamodb.UpdateItem => 200
2023-02-19T11:35:53.156  INFO --- [   asgi_gw_3] localstack.request.aws     : AWS dynamodb.UpdateItem => 200
2023-02-19T11:35:53.161  INFO --- [   asgi_gw_1] localstack.request.aws     : AWS dynamodb.UpdateItem => 200
2023-02-19T11:35:53.168  INFO --- [   asgi_gw_0] localstack.request.aws     : AWS dynamodb.Scan => 200
2023-02-19T11:35:53.199  INFO --- [   asgi_gw_3] localstack.request.aws     : AWS dynamodb.DeleteTable => 200
2023-02-19T11:36:38.761  INFO --- [   asgi_gw_2] localstack.request.aws     : AWS dynamodb.CreateTable => 200
2023-02-19T11:36:39.295  INFO --- [   asgi_gw_0] localstack.request.aws     : AWS dynamodb.PutItem => 200
2023-02-19T11:36:39.308  INFO --- [   asgi_gw_1] localstack.request.aws     : AWS dynamodb.PutItem => 200
2023-02-19T11:36:39.321  INFO --- [   asgi_gw_3] localstack.request.aws     : AWS dynamodb.PutItem => 200
2023-02-19T11:36:39.336  INFO --- [   asgi_gw_2] localstack.request.aws     : AWS dynamodb.PutItem => 200
2023-02-19T11:36:41.352  INFO --- [   asgi_gw_1] localstack.request.aws     : AWS dynamodb.Query => 200
2023-02-19T11:36:42.514  INFO --- [   asgi_gw_3] localstack.request.aws     : AWS dynamodb.UpdateItem => 200
2023-02-19T11:36:42.522  INFO --- [   asgi_gw_1] localstack.request.aws     : AWS dynamodb.UpdateItem => 200
2023-02-19T11:36:42.529  INFO --- [   asgi_gw_2] localstack.request.aws     : AWS dynamodb.UpdateItem => 200
2023-02-19T11:36:44.297  INFO --- [   asgi_gw_0] localstack.request.aws     : AWS dynamodb.Scan => 200
2023-02-19T11:36:57.772  INFO --- [   asgi_gw_3] localstack.request.aws     : AWS dynamodb.DeleteTable => 200
2023-02-19T11:37:14.472  INFO --- [   asgi_gw_2] localstack.request.aws     : AWS dynamodb.CreateTable => 200
2023-02-19T11:37:14.487  INFO --- [   asgi_gw_1] localstack.request.aws     : AWS dynamodb.PutItem => 200
2023-02-19T11:37:14.504  INFO --- [   asgi_gw_3] localstack.request.aws     : AWS dynamodb.PutItem => 200
2023-02-19T11:37:14.517  INFO --- [   asgi_gw_0] localstack.request.aws     : AWS dynamodb.PutItem => 200
2023-02-19T11:37:14.576  INFO --- [   asgi_gw_2] localstack.request.aws     : AWS dynamodb.PutItem => 200
2023-02-19T11:37:14.586  INFO --- [   asgi_gw_1] localstack.request.aws     : AWS dynamodb.Query => 200
2023-02-19T11:37:14.599  INFO --- [   asgi_gw_3] localstack.request.aws     : AWS dynamodb.UpdateItem => 200
2023-02-19T11:37:14.604  INFO --- [   asgi_gw_1] localstack.request.aws     : AWS dynamodb.UpdateItem => 200
2023-02-19T11:37:14.608  INFO --- [   asgi_gw_0] localstack.request.aws     : AWS dynamodb.UpdateItem => 200
2023-02-19T11:37:14.614  INFO --- [   asgi_gw_2] localstack.request.aws     : AWS dynamodb.Scan => 200
2023-02-19T11:37:14.642  INFO --- [   asgi_gw_1] localstack.request.aws     : AWS dynamodb.DeleteTable => 200
2023-02-19T11:37:31.022  INFO --- [   asgi_gw_0] localstack.request.aws     : AWS dynamodb.CreateTable => 200
2023-02-19T11:37:31.564  INFO --- [   asgi_gw_1] localstack.request.aws     : AWS dynamodb.PutItem => 200
2023-02-19T11:37:31.576  INFO --- [   asgi_gw_2] localstack.request.aws     : AWS dynamodb.PutItem => 200
2023-02-19T11:37:31.588  INFO --- [   asgi_gw_3] localstack.request.aws     : AWS dynamodb.PutItem => 200
2023-02-19T11:37:31.602  INFO --- [   asgi_gw_0] localstack.request.aws     : AWS dynamodb.PutItem => 200
2023-02-19T11:37:33.495  INFO --- [   asgi_gw_1] localstack.request.aws     : AWS dynamodb.Query => 200
2023-02-19T11:37:34.451  INFO --- [   asgi_gw_2] localstack.request.aws     : AWS dynamodb.UpdateItem => 200
2023-02-19T11:37:34.457  INFO --- [   asgi_gw_3] localstack.request.aws     : AWS dynamodb.UpdateItem => 200
2023-02-19T11:37:34.464  INFO --- [   asgi_gw_1] localstack.request.aws     : AWS dynamodb.UpdateItem => 200
2023-02-19T11:37:59.127  INFO --- [   asgi_gw_1] localstack.request.aws     : AWS dynamodb.Scan => 200
2023-02-19T11:37:59.686  INFO --- [   asgi_gw_0] localstack.request.aws     : AWS dynamodb.DeleteTable => 200
2023-02-19T11:38:23.143  INFO --- [   asgi_gw_1] localstack.request.aws     : AWS dynamodb.CreateTable => 200
2023-02-19T11:38:23.162  INFO --- [   asgi_gw_3] localstack.request.aws     : AWS dynamodb.PutItem => 200
2023-02-19T11:38:23.177  INFO --- [   asgi_gw_0] localstack.request.aws     : AWS dynamodb.PutItem => 200
2023-02-19T11:38:23.189  INFO --- [   asgi_gw_2] localstack.request.aws     : AWS dynamodb.PutItem => 200
2023-02-19T11:38:23.246  INFO --- [   asgi_gw_1] localstack.request.aws     : AWS dynamodb.PutItem => 200
2023-02-19T11:38:23.257  INFO --- [   asgi_gw_3] localstack.request.aws     : AWS dynamodb.Query => 200
2023-02-19T11:38:23.271  INFO --- [   asgi_gw_0] localstack.request.aws     : AWS dynamodb.UpdateItem => 200
2023-02-19T11:38:23.277  INFO --- [   asgi_gw_3] localstack.request.aws     : AWS dynamodb.UpdateItem => 200
2023-02-19T11:38:23.282  INFO --- [   asgi_gw_2] localstack.request.aws     : AWS dynamodb.UpdateItem => 200
2023-02-19T11:38:23.289  INFO --- [   asgi_gw_1] localstack.request.aws     : AWS dynamodb.Scan => 200
2023-02-19T11:38:23.311  INFO --- [   asgi_gw_3] localstack.request.aws     : AWS dynamodb.DeleteTable => 200
2023-02-19T11:41:59.919  INFO --- [   asgi_gw_0] localstack.request.aws     : AWS dynamodb.CreateTable => 200
2023-02-19T11:41:59.943  INFO --- [   asgi_gw_1] localstack.request.aws     : AWS dynamodb.PutItem => 200
2023-02-19T11:41:59.957  INFO --- [   asgi_gw_3] localstack.request.aws     : AWS dynamodb.PutItem => 200
2023-02-19T11:41:59.971  INFO --- [   asgi_gw_2] localstack.request.aws     : AWS dynamodb.PutItem => 200
2023-02-19T11:42:00.030  INFO --- [   asgi_gw_0] localstack.request.aws     : AWS dynamodb.PutItem => 200
2023-02-19T11:42:00.050  INFO --- [   asgi_gw_1] localstack.request.aws     : AWS dynamodb.Query => 200
2023-02-19T11:42:00.068  INFO --- [   asgi_gw_3] localstack.request.aws     : AWS dynamodb.UpdateItem => 200
2023-02-19T11:42:00.075  INFO --- [   asgi_gw_2] localstack.request.aws     : AWS dynamodb.UpdateItem => 200
2023-02-19T11:42:00.079  INFO --- [   asgi_gw_1] localstack.request.aws     : AWS dynamodb.UpdateItem => 200
2023-02-19T11:42:00.088  INFO --- [   asgi_gw_0] localstack.request.aws     : AWS dynamodb.Scan => 200
2023-02-19T11:42:00.114  INFO --- [   asgi_gw_2] localstack.request.aws     : AWS dynamodb.DeleteTable => 200
2023-02-19T12:49:22.986 DEBUG --- [  MainThread] localstack.services.infra  : [shutdown] signal received 15
2023-02-19T12:49:22.991 DEBUG --- [  MainThread] localstack.services.infra  : [shutdown] Cleaning up services ...
2023-02-19T12:49:22.995 DEBUG --- [  MainThread] localstack.services.infra  : [shutdown] Cleaning up resources ...
2023-02-19T12:49:23.000 DEBUG --- [  MainThread] localstack.utils.threads   : [shutdown] Done cleaning up threads / processes / tasks
2023-02-19T12:49:23.015 DEBUG --- [  MainThread] localstack.utils.run       : Executing command: rm -rf "/var/lib/localstack/tmp"
2023-02-19T12:49:23.037 DEBUG --- [  MainThread] localstack.services.infra  : [shutdown] Force shutdown, not waiting for infrastructure to shut down
